<?xml version="1.0" encoding="utf-8"?><testsuites name="pytest tests"><testsuite name="pytest" errors="0" failures="0" skipped="0" tests="435" time="14.870" timestamp="2026-09-26T15:45:28.125594+09:00" hostname="jiseongui-MacBookPro.local"><testcase classname="tests.test_search.TestAnalyzeQuery" name="test_analyze_query_success" time="0.065" /><testcase classname="tests.test_search.TestAnalyzeQuery" name="test_analyze_query_returns_503_when_no_analyzer" time="0.004" /><testcase classname="tests.test_search.TestSearch" name="test_search_success" time="0.008" /><testcase classname="tests.test_search.TestSearch" name="test_search_standard_mode_requests_skillopt_policy" time="0.190" /><testcase classname="tests.test_search.TestSearch" name="test_search_empty_query_returns_empty_results" time="0.005" /><testcase classname="tests.test_search" name="test_user_search_boundaries_return_503_at_capacity[/api/llm-search-llm_context_search]" time="0.004" /><testcase classname="tests.test_search" name="test_user_search_boundaries_return_503_at_capacity[/api/smart-search-smart_search]" time="0.005" /><testcase classname="tests.test_search" name="test_user_search_boundaries_return_503_at_capacity[/api/search-async_search_with_filters]" time="0.005" /><testcase classname="tests.test_search_agent_executor_lifecycle" name="test_async_cancel_preserves_completed_snapshot_and_charges_running_work" time="0.011" /><testcase classname="tests.test_search_agent_executor_lifecycle" name="test_async_saturation_retains_two_generations_until_workers_drain" time="0.011" /><testcase classname="tests.test_search_agent_executor_lifecycle" name="test_llm_context_search_joins_workers_after_success" time="0.005" /><testcase classname="tests.test_search_agent_executor_lifecycle" name="test_llm_context_search_joins_workers_after_worker_exception" time="0.004" /><testcase classname="tests.test_search_agent_executor_lifecycle" name="test_same_operation_concurrent_calls_use_independent_generations" time="0.005" /><testcase classname="tests.test_search_agent_executor_lifecycle" name="test_releasing_one_generation_preserves_other_set_member" time="0.003" /><testcase classname="tests.test_search_agent_executor_lifecycle" name="test_operation_capacity_raises_before_query_analysis" time="0.003" /><testcase classname="tests.test_search_agent_executor_lifecycle" name="test_llm_completed_later_source_survives_slow_first_and_external_deadline" time="0.009" /><testcase classname="tests.test_search_agent_executor_lifecycle" name="test_llm_analysis_consumes_external_budget_without_provider_admission" time="0.003" /><testcase classname="tests.test_search_agent_executor_lifecycle" name="test_llm_stop_during_analysis_retains_ownership_and_does_not_start_sources" time="0.009" /><testcase classname="tests.test_search_agent_executor_lifecycle" name="test_llm_context_search_timeout_is_nonblocking_and_generation_is_reusable" time="0.033" /><testcase classname="tests.test_search_background_lifecycle" name="test_returned_save_failure_skips_optional_work" time="0.003" /><testcase classname="tests.test_search_background_lifecycle" name="test_shutdown_accounts_for_source_owner" time="0.005" /><testcase classname="tests.test_search_background_lifecycle" name="test_admitted_save_persists_but_disconnect_skips_optional" time="0.002" /><testcase classname="tests.test_search_background_lifecycle" name="test_expired_await_keeps_two_underlying_slots[search_analysis]" time="0.048" /><testcase classname="tests.test_search_background_lifecycle" name="test_expired_await_keeps_two_underlying_slots[search_rank]" time="0.048" /><testcase classname="tests.test_search_background_lifecycle" name="test_expired_await_keeps_two_underlying_slots[search_graph]" time="0.047" /><testcase classname="tests.test_search_background_lifecycle" name="test_save_lane_saturation_private_snapshot_and_recovery" time="0.005" /><testcase classname="tests.test_search_background_lifecycle" name="test_optional_stages_forbidden_after_capability_or_stop[True-False-False-False]" time="0.002" /><testcase classname="tests.test_search_background_lifecycle" name="test_optional_stages_forbidden_after_capability_or_stop[False-True-False-False]" time="0.002" /><testcase classname="tests.test_search_background_lifecycle" name="test_optional_stages_forbidden_after_capability_or_stop[False-False-True-False]" time="0.002" /><testcase classname="tests.test_search_background_lifecycle" name="test_optional_stages_forbidden_after_capability_or_stop[False-False-False-True]" time="0.003" /><testcase classname="tests.test_search_background_lifecycle" name="test_shutdown_retains_save_ownership_and_prevents_restart" time="0.005" /><testcase classname="tests.test_search_background_lifecycle" name="test_maintenance_only_lifecycle" time="0.002" /><testcase classname="tests.test_search_cache_fast_path" name="test_search_cache_hit_bypasses_query_analysis" time="0.004" /><testcase classname="tests.test_search_cache_fast_path" name="test_pre_analysis_cache_hit_requires_academic_guard" time="0.003" /><testcase classname="tests.test_search_cache_fast_path" name="test_unguarded_cache_does_not_bypass_non_academic_guard" time="0.004" /><testcase classname="tests.test_search_cache_fast_path" name="test_query_analysis_fallback_cache_is_not_pre_analysis_guarded" time="0.005" /><testcase classname="tests.test_search_cache_fast_path" name="test_search_response_includes_source_timing_metadata" time="0.005" /><testcase classname="tests.test_search_cache_fast_path" name="test_search_cache_key_separates_skillopt_policy_namespace" time="0.002" /><testcase classname="tests.test_search_cache_fast_path" name="test_skillopt_result_cache_namespace_uses_validated_hash" time="0.002" /><testcase classname="tests.test_search_cache_fast_path" name="test_invalid_skillopt_result_cache_namespace_fails_closed" time="0.002" /><testcase classname="tests.test_search_cache_fast_path" name="test_search_response_reports_skillopt_baseline_reason[True-not_requested]" time="0.004" /><testcase classname="tests.test_search_cache_fast_path" name="test_search_response_reports_skillopt_baseline_reason[False-disabled]" time="0.004" /><testcase classname="tests.test_search_cache_fast_path" name="test_skillopt_baseline_reasons_distinguish_disabled_from_not_requested" time="0.002" /><testcase classname="tests.test_search_cache_user_isolation" name="test_cache_miss_stamp_applied" time="0.002" /><testcase classname="tests.test_search_cache_user_isolation" name="test_cache_hit_restamps_for_new_user" time="0.002" /><testcase classname="tests.test_search_cache_user_isolation" name="test_on_disk_cache_stripped_on_read" time="0.002" /><testcase classname="tests.test_search_cache_version" name="test_cache_schema_version_constant_exists" time="0.002" /><testcase classname="tests.test_search_cache_version" name="test_cache_key_embeds_schema_version" time="0.002" /><testcase classname="tests.test_search_cache_version" name="test_same_version_same_key" time="0.002" /><testcase classname="tests.test_search_cache_version" name="test_cache_preserves_query_meaning[graph NOT retrieval-graph retrieval]" time="0.002" /><testcase classname="tests.test_search_cache_version" name="test_cache_preserves_query_meaning[graph AND retrieval-graph OR retrieval]" time="0.002" /><testcase classname="tests.test_search_cache_version" name="test_cache_preserves_query_meaning[&quot;graph retrieval&quot;-graph retrieval]" time="0.002" /><testcase classname="tests.test_search_cache_version" name="test_cache_preserves_query_meaning[C++ methods-C methods]" time="0.002" /><testcase classname="tests.test_search_cache_version" name="test_cache_context_and_canonical_sources" time="0.002" /><testcase classname="tests.test_search_cache_version" name="test_cache_returns_private_nested_papers" time="0.003" /><testcase classname="tests.test_search_cache_version" name="test_cache_version_change_invalidates_file_cache" time="0.002" /><testcase classname="tests.test_search_cache_version" name="test_legacy_key_still_in_cache_but_unreachable_via_new_key" time="0.002" /><testcase classname="tests.test_search_events.TestQuerySubmitEvent" name="test_search_emits_query_submit" time="0.008" /><testcase classname="tests.test_search_events.TestQuerySubmitEvent" name="test_search_no_emit_when_unauthenticated" time="0.004" /><testcase classname="tests.test_search_events.TestQuerySubmitEvent" name="test_emit_failure_does_not_block_response" time="0.008" /><testcase classname="tests.test_search_events.TestSearchClickEndpoint" name="test_click_emits_event" time="0.006" /><testcase classname="tests.test_search_events.TestSearchClickEndpoint" name="test_click_records_rank_when_supplied" time="0.008" /><testcase classname="tests.test_search_events.TestSearchClickEndpoint" name="test_click_rejects_out_of_range_rank[0]" time="0.006" /><testcase classname="tests.test_search_events.TestSearchClickEndpoint" name="test_click_rejects_out_of_range_rank[-1]" time="0.006" /><testcase classname="tests.test_search_events.TestSearchClickEndpoint" name="test_click_rejects_out_of_range_rank[5000]" time="0.007" /><testcase classname="tests.test_search_events.TestSearchClickEndpoint" name="test_click_no_emit_when_unauthenticated" time="0.004" /><testcase classname="tests.test_search_events.TestSearchClickEndpoint" name="test_click_missing_fields_returns_not_tracked" time="0.006" /><testcase classname="tests.test_search_global_rank" name="test_stamp_global_rank_numbers_the_fused_order" time="0.002" /><testcase classname="tests.test_search_global_rank" name="test_stamp_global_rank_puts_unranked_papers_last" time="0.002" /><testcase classname="tests.test_search_global_rank" name="test_stamp_global_rank_is_a_total_order" time="0.002" /><testcase classname="tests.test_search_global_rank" name="test_cache_key_separates_max_results" time="0.002" /><testcase classname="tests.test_search_global_rank" name="test_cache_key_separates_llm_search_pipeline" time="0.002" /><testcase classname="tests.test_search_global_rank" name="test_cache_key_still_separates_existing_dimensions" time="0.002" /><testcase classname="tests.test_search_global_rank" name="test_cross_encoder_does_not_dominate_the_fusion" time="0.004" /><testcase classname="tests.test_search_global_rank" name="test_zero_weight_skips_cross_encoder_inference" time="0.003" /><testcase classname="tests.test_search_global_rank" name="test_cross_encoder_weight_can_be_overridden_per_call" time="0.003" /><testcase classname="tests.test_search_global_rank" name="test_cross_encoder_weight_matches_the_rrf_contribution" time="0.003" /><testcase classname="tests.test_search_global_rank" name="test_unavailable_cross_encoder_leaves_the_other_signals_alone" time="0.003" /><testcase classname="tests.test_search_global_rank" name="test_cross_encoder_scored_once_per_ranking_pass" time="0.003" /><testcase classname="tests.test_search_identity_rank" name="test_unicode_titles_and_empty_records" time="0.004" /><testcase classname="tests.test_search_identity_rank" name="test_doi_conflict_bridge_and_provenance_are_permutation_safe" time="0.006" /><testcase classname="tests.test_search_identity_rank" name="test_fuzzy_and_embedding_cannot_merge_conflicting_dois" time="0.002" /><testcase classname="tests.test_search_identity_rank" name="test_result_identity_priority_and_legacy_id" time="0.002" /><testcase classname="tests.test_search_identity_rank" name="test_rrf_competition_ties_constant_and_permutation" time="0.002" /><testcase classname="tests.test_search_identity_rank" name="test_nonfinite_signal_is_excluded_visibly[nan]" time="0.002" /><testcase classname="tests.test_search_identity_rank" name="test_nonfinite_signal_is_excluded_visibly[inf]" time="0.002" /><testcase classname="tests.test_search_identity_rank" name="test_nonfinite_signal_is_excluded_visibly[-inf]" time="0.002" /><testcase classname="tests.test_search_identity_rank" name="test_fast_mode_forbids_every_expensive_path[True]" time="0.002" /><testcase classname="tests.test_search_identity_rank" name="test_fast_mode_forbids_every_expensive_path[False]" time="0.002" /><testcase classname="tests.test_search_identity_rank" name="test_sort_uses_full_precision" time="0.002" /><testcase classname="tests.test_search_identity_rank" name="test_rrf_full_precision_and_unavailable_signal" time="0.002" /><testcase classname="tests.test_search_identity_rank" name="test_distinct_arxiv_records_survive_title_and_embedding_dedup" time="0.002" /><testcase classname="tests.test_search_identity_rank" name="test_inflight_cutoff_prevents_later_expensive_calls[hyde-deadline]" time="0.003" /><testcase classname="tests.test_search_identity_rank" name="test_inflight_cutoff_prevents_later_expensive_calls[hyde-stopped]" time="0.004" /><testcase classname="tests.test_search_identity_rank" name="test_inflight_cutoff_prevents_later_expensive_calls[hyde_fallback-deadline]" time="0.003" /><testcase classname="tests.test_search_identity_rank" name="test_inflight_cutoff_prevents_later_expensive_calls[hyde_fallback-stopped]" time="0.003" /><testcase classname="tests.test_search_identity_rank" name="test_inflight_cutoff_prevents_later_expensive_calls[embedding-deadline]" time="0.003" /><testcase classname="tests.test_search_identity_rank" name="test_inflight_cutoff_prevents_later_expensive_calls[embedding-stopped]" time="0.004" /><testcase classname="tests.test_search_identity_rank" name="test_inflight_cutoff_prevents_later_expensive_calls[ce-deadline]" time="0.003" /><testcase classname="tests.test_search_identity_rank" name="test_inflight_cutoff_prevents_later_expensive_calls[ce-stopped]" time="0.003" /><testcase classname="tests.test_search_pipeline_real_singletons" name="test_search_response_has_hybrid_score_signature" time="0.525" /><testcase classname="tests.test_search_pipeline_real_singletons" name="test_hybrid_ranker_module_level_is_not_none" time="0.003" /><testcase classname="tests.test_search_pipeline_real_singletons" name="test_ranking_signature_proves_path_executed" time="0.524" /><testcase classname="tests.test_search_pipeline_real_singletons" name="test_response_carries_global_rank_matching_the_fused_score" time="0.526" /><testcase classname="tests.test_search_pipeline_real_singletons" name="test_source_buckets_alone_would_lose_the_ranking" time="0.523" /><testcase classname="tests.test_search_provider_failures" name="test_semantic_scholar_propagates_search_failure[failure0]" time="0.004" /><testcase classname="tests.test_search_provider_failures" name="test_semantic_scholar_propagates_search_failure[failure1]" time="0.003" /><testcase classname="tests.test_search_provider_failures" name="test_semantic_scholar_propagates_search_failure[failure2]" time="0.002" /><testcase classname="tests.test_search_provider_failures" name="test_semantic_scholar_retains_external_identity_and_real_empty" time="0.003" /><testcase classname="tests.test_search_provider_failures" name="test_transport_error_is_reported_as_error_not_searched_empty" time="0.003" /><testcase classname="tests.test_search_provider_failures" name="test_real_arxiv_failures_reach_collector[failure0-error]" time="0.003" /><testcase classname="tests.test_search_provider_failures" name="test_real_arxiv_failures_reach_collector[failure1-timeout]" time="0.003" /><testcase classname="tests.test_search_provider_failures" name="test_real_arxiv_failures_reach_collector[failure2-timeout]" time="0.003" /><testcase classname="tests.test_search_provider_failures" name="test_real_scholar_mixed_buckets_keep_success_and_expose_error" time="0.004" /><testcase classname="tests.test_search_provider_failures" name="test_korean_openalex_stops_before_second_attempt_and_keeps_first" time="0.003" /><testcase classname="tests.test_search_provider_failures" name="test_scholar_captcha_does_not_spawn_manual_or_scholarly_work" time="0.002" /><testcase classname="tests.test_search_provider_failures" name="test_scholar_uses_only_session_transport_without_proxy_discovery" time="0.003" /><testcase classname="tests.test_search_provider_failures" name="test_scholar_retry_does_not_start_after_stop" time="0.002" /><testcase classname="tests.test_search_provider_failures" name="test_scholar_enhanced_does_not_start_second_strategy_after_stop" time="0.002" /><testcase classname="tests.test_search_provider_failures" name="test_openalex_true_empty_is_healthy_but_http_error_is_not" time="0.004" /><testcase classname="tests.test_search_provider_failures" name="test_successful_empty_adapters_remain_searched_empty[arxiv]" time="0.025" /><testcase classname="tests.test_search_provider_failures" name="test_successful_empty_adapters_remain_searched_empty[google_scholar]" time="0.004" /><testcase classname="tests.test_search_quality_golden.TestScholarQueriesStringGuard" name="test_scholar_queries_string_input_triggers_guard" time="0.007" /><testcase classname="tests.test_search_quality_golden.TestScholarQueriesStringGuard" name="test_scholar_queries_list_input_passes_through" time="0.007" /><testcase classname="tests.test_search_quality_golden.TestScholarQueriesStringGuard" name="test_scholar_queries_none_falls_back_to_single_entry" time="0.007" /><testcase classname="tests.test_search_quality_golden.TestScholarQueriesStringGuard" name="test_scholar_queries_list_capped_at_three[transformer attention mechanism]" time="0.007" /><testcase classname="tests.test_search_quality_golden.TestScholarQueriesStringGuard" name="test_scholar_queries_list_capped_at_three[quantum error correction]" time="0.007" /><testcase classname="tests.test_search_quality_golden.TestScholarQueriesStringGuard" name="test_scholar_queries_list_capped_at_three[drug discovery machine learning]" time="0.007" /><testcase classname="tests.test_search_quality_golden.TestScholarQueriesStringGuard" name="test_scholar_queries_list_capped_at_three[\ub300\uaddc\ubaa8 \uc5b8\uc5b4 \ubaa8\ub378 fine tuning]" time="0.007" /><testcase classname="tests.test_search_quality_golden.TestScholarQueriesStringGuard" name="test_scholar_queries_list_capped_at_three[few-shot learning]" time="0.007" /><testcase classname="tests.test_search_quality_golden.TestScholarQueriesStringGuard" name="test_typed_normalization_rejects_nonqueries_and_deduplicates" time="0.002" /><testcase classname="tests.test_search_quality_golden.TestSearchQualityGolden" name="test_path_a_b_jaccard_at_least_0_8[transformer attention mechanism]" time="0.006" /><testcase classname="tests.test_search_quality_golden.TestSearchQualityGolden" name="test_path_a_b_jaccard_at_least_0_8[quantum error correction]" time="0.006" /><testcase classname="tests.test_search_quality_golden.TestSearchQualityGolden" name="test_path_a_b_jaccard_at_least_0_8[drug discovery machine learning]" time="0.005" /><testcase classname="tests.test_search_quality_golden.TestSearchQualityGolden" name="test_path_a_b_jaccard_at_least_0_8[\ub300\uaddc\ubaa8 \uc5b8\uc5b4 \ubaa8\ub378 fine tuning]" time="0.006" /><testcase classname="tests.test_search_quality_golden.TestSearchQualityGolden" name="test_path_a_b_jaccard_at_least_0_8[few-shot learning]" time="0.005" /><testcase classname="tests.test_search_query_hash" name="test_query_hash_is_stable_and_short" time="0.002" /><testcase classname="tests.test_search_query_hash" name="test_cache_fast_path_returns_query_hash" time="0.004" /><testcase classname="tests.test_search_query_hash" name="test_non_academic_guard_returns_query_hash" time="0.004" /><testcase classname="tests.test_search_query_hash" name="test_every_search_response_constructor_sets_query_hash" time="0.007" /><testcase classname="tests.test_search_query_hash" name="test_delayed_query_keeps_original_account_incarnation" time="0.008" /><testcase classname="tests.test_search_query_hash" name="test_search_click_carries_authenticated_incarnation" time="0.006" /><testcase classname="tests.test_search_request_contract" name="test_invalid_requests[change0]" time="0.002" /><testcase classname="tests.test_search_request_contract" name="test_invalid_requests[change1]" time="0.002" /><testcase classname="tests.test_search_request_contract" name="test_invalid_requests[change2]" time="0.002" /><testcase classname="tests.test_search_request_contract" name="test_invalid_requests[change3]" time="0.002" /><testcase classname="tests.test_search_request_contract" name="test_invalid_requests[change4]" time="0.002" /><testcase classname="tests.test_search_request_contract" name="test_invalid_requests[change5]" time="0.002" /><testcase classname="tests.test_search_request_contract" name="test_invalid_requests[change6]" time="0.002" /><testcase classname="tests.test_search_request_contract" name="test_sources_are_canonical" time="0.002" /><testcase classname="tests.test_search_request_contract" name="test_llm_request_dispatches_only_selected_sources" time="0.005" /><testcase classname="tests.test_search_request_contract" name="test_relevance_survives_dedup_and_provider_display_source" time="0.003" /><testcase classname="tests.test_search_request_contract" name="test_http_disconnect_stops_before_save_without_task_cancel" time="0.003" /><testcase classname="tests.test_search_request_contract" name="test_observer_terminates_when_receive_swallows_cancellation" time="0.003" /><testcase classname="tests.test_search_request_contract" name="test_accepted_save_observer_ends_on_completion" time="0.014" /><testcase classname="tests.test_search_request_contract" name="test_returned_analysis_fallback_never_establishes_guard_or_cache[None]" time="0.004" /><testcase classname="tests.test_search_request_contract" name="test_returned_analysis_fallback_never_establishes_guard_or_cache[unavailable_original_query]" time="0.004" /><testcase classname="tests.test_search_request_contract" name="test_returned_analysis_fallback_never_establishes_guard_or_cache[low_confidence_original_query]" time="0.004" /><testcase classname="tests.test_search_request_contract" name="test_expired_rubric_preserves_partial_papers" time="0.004" /><testcase classname="tests.test_search_request_contract" name="test_fresh_rank_opposes_identity_order_and_preserves_buckets" time="0.003" /><testcase classname="tests.test_search_request_contract" name="test_cooperative_llm_outer_deadline_keeps_completed_snapshot[search_source_cutoff]" time="0.055" /><testcase classname="tests.test_search_request_contract" name="test_cooperative_llm_outer_deadline_keeps_completed_snapshot[search_global_cutoff]" time="0.055" /><testcase classname="tests.test_search_request_contract" name="test_cooperative_llm_outer_deadline_keeps_completed_snapshot[llm]" time="0.055" /><testcase classname="tests.test_search_request_contract" name="test_cooperative_llm_outer_deadline_keeps_completed_snapshot[smart]" time="0.055" /><testcase classname="tests.test_search_request_contract" name="test_finalize_filters_graph_and_identity" time="0.003" /><testcase classname="tests.test_search_request_contract" name="test_timeout_publishes_completed_source_only" time="0.014" /><testcase classname="tests.test_search_request_contract" name="test_exact_routes_bypass_analysis_and_rewrite[10.1234/example]" time="0.003" /><testcase classname="tests.test_search_request_contract" name="test_exact_routes_bypass_analysis_and_rewrite[2301.12345]" time="0.003" /><testcase classname="tests.test_search_request_contract" name="test_exact_routes_bypass_analysis_and_rewrite[&quot;Exact Paper Title&quot;]" time="0.004" /><testcase classname="tests.test_search_request_contract" name="test_fast_rank_capabilities_and_actual_query" time="0.004" /><testcase classname="tests.test_search_request_contract" name="test_cache_finalization_filters_and_keeps_executed_query" time="0.003" /><testcase classname="tests.test_search_request_contract" name="test_disconnect_before_publication_creates_no_save" time="0.003" /><testcase classname="tests.test_search_request_contract" name="test_late_rank_worker_cannot_mutate_published_partial" time="0.014" /><testcase classname="tests.test_search_review_identity" name="test_deep_review_uses_exact_selected_record_not_ambiguous_storage_id" time="2.737" /><testcase classname="tests.test_search_review_identity" name="test_explicit_empty_selection_does_not_fall_back_to_storage" time="0.003" /><testcase classname="tests.test_search_routing_contract" name="test_bilingual_queries_are_typed_bounded_and_not_fabricated" time="0.002" /><testcase classname="tests.test_search_routing_contract" name="test_routes_do_not_treat_short_topics_as_titles" time="0.002" /><testcase classname="tests.test_search_routing_contract" name="test_hard_filters_unknowns_boundaries_and_update_sort" time="0.002" /><testcase classname="tests.test_search_routing_contract" name="test_scholar_round_robin_before_cap_and_malformed_variants" time="0.003" /><testcase classname="tests.test_search_routing_contract" name="test_exact_doi_rejects_wrong_paper_even_when_title_matches" time="0.002" /><testcase classname="tests.test_search_routing_contract" name="test_quoted_title_ignores_proposed_rewrite_and_uses_title_adapter" time="0.002" /><testcase classname="tests.test_search_routing_contract" name="test_year_end_is_inclusive_and_active_category_rejects_unknown" time="0.002" /><testcase classname="tests.test_search_routing_contract" name="test_arxiv_attempts_are_distinct_and_deadline_stops_transport" time="0.003" /><testcase classname="tests.test_search_routing_contract" name="test_dblp_budget_reaches_transport_boundary[stop-graph learning]" time="0.002" /><testcase classname="tests.test_search_routing_contract" name="test_dblp_budget_reaches_transport_boundary[stop-&quot;Exact Paper Title&quot;]" time="0.002" /><testcase classname="tests.test_search_routing_contract" name="test_dblp_budget_reaches_transport_boundary[stop-10.1234/paper]" time="0.002" /><testcase classname="tests.test_search_routing_contract" name="test_dblp_budget_reaches_transport_boundary[deadline-graph learning]" time="0.002" /><testcase classname="tests.test_search_routing_contract" name="test_dblp_budget_reaches_transport_boundary[deadline-&quot;Exact Paper Title&quot;]" time="0.003" /><testcase classname="tests.test_search_routing_contract" name="test_dblp_budget_reaches_transport_boundary[deadline-10.1234/paper]" time="0.003" /><testcase classname="tests.test_search_silent_degradation.TestLLMClientGenerateResponse" name="test_empty_content_raises" time="0.007" /><testcase classname="tests.test_search_silent_degradation.TestLLMClientGenerateResponse" name="test_whitespace_only_content_raises" time="0.007" /><testcase classname="tests.test_search_silent_degradation.TestLLMClientGenerateResponse" name="test_none_content_raises" time="0.007" /><testcase classname="tests.test_search_silent_degradation.TestLLMClientGenerateResponse" name="test_underlying_exception_propagates" time="0.008" /><testcase classname="tests.test_search_silent_degradation.TestLLMClientGenerateResponse" name="test_valid_content_returned_unchanged" time="0.006" /><testcase classname="tests.test_search_silent_degradation.TestHybridRankerDegradation" name="test_current_degradation_markers_is_none_when_healthy" time="0.002" /><testcase classname="tests.test_search_silent_degradation.TestHybridRankerDegradation" name="test_current_degradation_markers_reports_ranker_unavailable" time="0.002" /><testcase classname="tests.test_search_silent_degradation.TestHybridRankerDegradation" name="test_returned_markers_list_is_a_copy" time="0.002" /><testcase classname="tests.test_search_silent_degradation.TestHybridRankerDegradation" name="test_search_response_exposes_degraded_marker" time="0.006" /><testcase classname="tests.test_search_silent_degradation.TestLightRetrieverEmbedding" name="test_missing_openai_client_raises" time="0.008" /><testcase classname="tests.test_search_silent_degradation.TestLightRetrieverEmbedding" name="test_api_failure_raises_with_chained_cause" time="0.003" /><testcase classname="tests.test_search_silent_degradation.TestLightRetrieverEmbedding" name="test_naive_search_propagates_embedding_unavailable" time="0.002" /><testcase classname="tests.test_search_source_timing" name="test_async_search_records_source_timing_metadata" time="0.003" /><testcase classname="tests.test_search_source_timing" name="test_async_search_reports_empty_result_as_its_own_mode" time="0.003" /><testcase classname="tests.test_search_source_timing" name="test_async_search_reports_open_circuit_breaker" time="0.003" /><testcase classname="tests.test_search_source_timing" name="test_async_search_skips_openalex_korean_for_non_korean_query" time="0.002" /><testcase classname="tests.test_search_source_timing" name="test_async_search_keeps_openalex_korean_when_original_query_is_korean" time="0.002" /><testcase classname="tests.test_search_source_timing" name="test_openalex_korean_search_prefers_original_korean_query" time="0.002" /><testcase classname="tests.test_search_source_timing" name="test_collectors_preserve_transport_outcomes[failure0-timeout-sync]" time="0.003" /><testcase classname="tests.test_search_source_timing" name="test_collectors_preserve_transport_outcomes[failure0-timeout-async]" time="0.003" /><testcase classname="tests.test_search_source_timing" name="test_collectors_preserve_transport_outcomes[failure0-timeout-llm]" time="0.003" /><testcase classname="tests.test_search_source_timing" name="test_collectors_preserve_transport_outcomes[failure1-timeout-sync]" time="0.003" /><testcase classname="tests.test_search_source_timing" name="test_collectors_preserve_transport_outcomes[failure1-timeout-async]" time="0.003" /><testcase classname="tests.test_search_source_timing" name="test_collectors_preserve_transport_outcomes[failure1-timeout-llm]" time="0.003" /><testcase classname="tests.test_search_source_timing" name="test_collectors_preserve_transport_outcomes[failure2-timeout-sync]" time="0.003" /><testcase classname="tests.test_search_source_timing" name="test_collectors_preserve_transport_outcomes[failure2-timeout-async]" time="0.003" /><testcase classname="tests.test_search_source_timing" name="test_collectors_preserve_transport_outcomes[failure2-timeout-llm]" time="0.003" /><testcase classname="tests.test_search_source_timing" name="test_collectors_preserve_transport_outcomes[failure3-error-sync]" time="0.003" /><testcase classname="tests.test_search_source_timing" name="test_collectors_preserve_transport_outcomes[failure3-error-async]" time="0.003" /><testcase classname="tests.test_search_source_timing" name="test_collectors_preserve_transport_outcomes[failure3-error-llm]" time="0.003" /><testcase classname="tests.test_search_source_timing" name="test_collectors_preserve_transport_outcomes[failure4-error-sync]" time="0.003" /><testcase classname="tests.test_search_source_timing" name="test_collectors_preserve_transport_outcomes[failure4-error-async]" time="0.004" /><testcase classname="tests.test_search_source_timing" name="test_collectors_preserve_transport_outcomes[failure4-error-llm]" time="0.003" /><testcase classname="tests.test_search_source_timing" name="test_collectors_preserve_transport_outcomes[None-searched_empty-sync]" time="0.002" /><testcase classname="tests.test_search_source_timing" name="test_collectors_preserve_transport_outcomes[None-searched_empty-async]" time="0.003" /><testcase classname="tests.test_search_source_timing" name="test_collectors_preserve_transport_outcomes[None-searched_empty-llm]" time="0.003" /><testcase classname="tests.test_search_stream" name="test_deep_search_stream_smoke" time="0.009" /><testcase classname="tests.test_search_stream" name="test_deep_search_stream_emits_expected_event_order" time="1.553" /><testcase classname="tests.test_search_stream" name="test_deep_search_stream_ends_with_error_on_failure" time="0.008" /><testcase classname="tests.test_query_analysis_contract" name="test_raw_contract_accepts_all_eight_production_intents[author_search]" time="0.003" /><testcase classname="tests.test_query_analysis_contract" name="test_raw_contract_accepts_all_eight_production_intents[comparison]" time="0.002" /><testcase classname="tests.test_query_analysis_contract" name="test_raw_contract_accepts_all_eight_production_intents[latest_research]" time="0.002" /><testcase classname="tests.test_query_analysis_contract" name="test_raw_contract_accepts_all_eight_production_intents[method_search]" time="0.002" /><testcase classname="tests.test_query_analysis_contract" name="test_raw_contract_accepts_all_eight_production_intents[paper_search]" time="0.003" /><testcase classname="tests.test_query_analysis_contract" name="test_raw_contract_accepts_all_eight_production_intents[problem_solving]" time="0.003" /><testcase classname="tests.test_query_analysis_contract" name="test_raw_contract_accepts_all_eight_production_intents[survey]" time="0.002" /><testcase classname="tests.test_query_analysis_contract" name="test_raw_contract_accepts_all_eight_production_intents[topic_exploration]" time="0.002" /><testcase classname="tests.test_query_analysis_contract" name="test_normalized_contract_adds_original_defaults_and_unknown_is_fallback_only" time="0.003" /><testcase classname="tests.test_query_analysis_contract" name="test_scholar_alias_has_precedence_and_string_preserves_genuine_variant" time="0.002" /><testcase classname="tests.test_query_analysis_contract" name="test_raw_contract_rejects_types_scope_flooding_and_unsafe_values[&lt;lambda&gt;-is_academic]" time="0.002" /><testcase classname="tests.test_query_analysis_contract" name="test_raw_contract_rejects_types_scope_flooding_and_unsafe_values[&lt;lambda&gt;-confidence0]" time="0.002" /><testcase classname="tests.test_query_analysis_contract" name="test_raw_contract_rejects_types_scope_flooding_and_unsafe_values[&lt;lambda&gt;-confidence1]" time="0.002" /><testcase classname="tests.test_query_analysis_contract" name="test_raw_contract_rejects_types_scope_flooding_and_unsafe_values[&lt;lambda&gt;-intent]" time="0.002" /><testcase classname="tests.test_query_analysis_contract" name="test_raw_contract_rejects_types_scope_flooding_and_unsafe_values[&lt;lambda&gt;-duplicate]" time="0.003" /><testcase classname="tests.test_query_analysis_contract" name="test_raw_contract_rejects_types_scope_flooding_and_unsafe_values[&lt;lambda&gt;-between 0 and 16]" time="0.002" /><testcase classname="tests.test_query_analysis_contract" name="test_raw_contract_rejects_types_scope_flooding_and_unsafe_values[&lt;lambda&gt;-length]" time="0.002" /><testcase classname="tests.test_query_analysis_contract" name="test_raw_contract_rejects_types_scope_flooding_and_unsafe_values[&lt;lambda&gt;-unsafe]" time="0.002" /><testcase classname="tests.test_query_analysis_contract" name="test_raw_contract_rejects_types_scope_flooding_and_unsafe_values[&lt;lambda&gt;-unsupported keys0]" time="0.002" /><testcase classname="tests.test_query_analysis_contract" name="test_raw_contract_rejects_types_scope_flooding_and_unsafe_values[&lt;lambda&gt;-unsupported keys1]" time="0.002" /><testcase classname="tests.test_query_analysis_contract" name="test_raw_contract_rejects_types_scope_flooding_and_unsafe_values[&lt;lambda&gt;-integer]" time="0.002" /><testcase classname="tests.test_query_analysis_contract" name="test_raw_contract_rejects_types_scope_flooding_and_unsafe_values[&lt;lambda&gt;-string0]" time="0.002" /><testcase classname="tests.test_query_analysis_contract" name="test_raw_contract_rejects_types_scope_flooding_and_unsafe_values[&lt;lambda&gt;-unsupported keys2]" time="0.002" /><testcase classname="tests.test_query_analysis_contract" name="test_raw_contract_rejects_types_scope_flooding_and_unsafe_values[&lt;lambda&gt;-between 1 and 3]" time="0.002" /><testcase classname="tests.test_query_analysis_contract" name="test_raw_contract_rejects_types_scope_flooding_and_unsafe_values[&lt;lambda&gt;-string1]" time="0.002" /><testcase classname="tests.test_query_analysis_contract" name="test_strict_decoder_rejects_fences_duplicates_nonfinite_and_nonobject[```json\n{}\n```]" time="0.002" /><testcase classname="tests.test_query_analysis_contract" name="test_strict_decoder_rejects_fences_duplicates_nonfinite_and_nonobject[{&quot;is_academic&quot;:true,&quot;is_academic&quot;:false}]" time="0.002" /><testcase classname="tests.test_query_analysis_contract" name="test_strict_decoder_rejects_fences_duplicates_nonfinite_and_nonobject[{&quot;confidence&quot;:NaN}]" time="0.002" /><testcase classname="tests.test_query_analysis_contract" name="test_strict_decoder_rejects_fences_duplicates_nonfinite_and_nonobject[[]]" time="0.002" /><testcase classname="tests.test_query_analysis_contract" name="test_enabled_policy_uses_strict_contract_and_returns_normalized_shape" time="0.003" /><testcase classname="tests.test_query_analysis_contract" name="test_malformed_enabled_policy_output_enters_existing_safe_fallback" time="0.003" /><testcase classname="tests.test_query_analysis_contract" name="test_default_path_remains_permissive_and_empty_no_client_fallbacks_are_faithful" time="0.003" /><testcase classname="tests.test_query_analysis_contract" name="test_parse_and_normalize_api_matches_two_step_api" time="0.003" /><testcase classname="tests.test_query_analysis_contract" name="test_authoritative_normalized_validator_closes_pre_normalized_bypasses[&lt;lambda&gt;0]" time="0.002" /><testcase classname="tests.test_query_analysis_contract" name="test_authoritative_normalized_validator_closes_pre_normalized_bypasses[&lt;lambda&gt;1]" time="0.002" /><testcase classname="tests.test_query_analysis_contract" name="test_authoritative_normalized_validator_closes_pre_normalized_bypasses[&lt;lambda&gt;2]" time="0.002" /><testcase classname="tests.test_query_analysis_contract" name="test_authoritative_normalized_validator_closes_pre_normalized_bypasses[&lt;lambda&gt;3]" time="0.002" /><testcase classname="tests.test_query_analysis_contract" name="test_authoritative_normalized_validator_closes_pre_normalized_bypasses[&lt;lambda&gt;4]" time="0.002" /><testcase classname="tests.test_query_analysis_contract" name="test_authoritative_normalized_validator_closes_pre_normalized_bypasses[&lt;lambda&gt;5]" time="0.002" /><testcase classname="tests.test_query_analysis_contract" name="test_authoritative_normalized_validator_closes_pre_normalized_bypasses[&lt;lambda&gt;6]" time="0.003" /><testcase classname="tests.test_query_analysis_contract" name="test_authoritative_normalized_validator_closes_pre_normalized_bypasses[&lt;lambda&gt;7]" time="0.003" /><testcase classname="tests.test_query_analysis_contract" name="test_authoritative_normalized_validator_closes_pre_normalized_bypasses[&lt;lambda&gt;8]" time="0.002" /><testcase classname="tests.test_query_analysis_contract" name="test_authoritative_normalized_validator_closes_pre_normalized_bypasses[&lt;lambda&gt;9]" time="0.002" /><testcase classname="tests.test_query_analysis_contract" name="test_unknown_requires_explicit_fallback_provenance_and_exact_semantics" time="0.002" /><testcase classname="tests.test_query_analysis_contract" name="test_raw_filter_literal_boundaries_match_normalized_contract[year_start-0]" time="0.002" /><testcase classname="tests.test_query_analysis_contract" name="test_raw_filter_literal_boundaries_match_normalized_contract[year_end-9999]" time="0.002" /><testcase classname="tests.test_query_analysis_contract" name="test_raw_filter_literal_boundaries_match_normalized_contract[min_citations-0]" time="0.002" /><testcase classname="tests.test_query_analysis_contract" name="test_raw_filter_literal_boundaries_match_normalized_contract[category-]" time="0.002" /><testcase classname="tests.test_query_analysis_contract" name="test_raw_filter_literal_boundaries_match_normalized_contract[category-xxxxxxxxxxxxxxxxxxxxxxxxxxxxxxxxxxxxxxxxxxxxxxxxxxxxxxxxxxxxxxxxxxxxxxxxxxxxxxxxxxxxxxxxxxxxxxxxxxxxxxxxxxxxxxxxxxxxxxxxxxxxxxxxxxxxxxxxxxxxxxxxxxxxxxxxxxxxxxxxxxxxxxxxxxxxxxxxxxxxxxxxxxxxxxxxxxxxxxxxxxxxxxxxxxxxxxxxxxxxxxxxxxxxxxxxxxxxxxxxxxxxxxxxxxxxxxxxxxxxxxxxxxxxxxxxxxxxxxxxxxxxxxxxxxxxxxxxxxxxxxxxxxxxxxxxxxxxxxxxxxxxxxxxxxxxxxxxxxxxxxxxxxxxxxxxxxxxxxxxxxxxxxxxxxxxxxxxxxxxxxxxxxxxxxxxxxxxxxxxxxxxxxxxxxxxxxxxxxxxxxxxxxxxxxxxxxxxxxxxxxxxxxxxxxxxxxxxxxxxxxxxxxxxxxxxxxxxxxxxxxxxxxxxxxxxxxxxxxxxxxxxxxxxxxxx]" time="0.002" /><testcase classname="tests.test_query_analyzer_unified_path.TestSmartSearchUsesUnifiedPath" name="test_smart_search_calls_analyze_and_prepare_once" time="0.005" /><testcase classname="tests.test_query_analyzer_unified_path.TestSmartSearchFallbackOnFailure" name="test_smart_search_falls_back_when_unified_raises" time="0.005" /><testcase classname="tests.test_query_analyzer_unified_path.TestLLMContextSearchUsesUnifiedPath" name="test_llm_context_search_no_context_uses_unified" time="0.005" /><testcase classname="tests.test_query_analyzer_unified_path.TestLLMContextSearchUsesUnifiedPath" name="test_llm_context_search_failure_preserves_original_query_and_deadline" time="0.005" /><testcase classname="tests.test_query_analyzer_unified_path.TestLLMContextSearchUsesUnifiedPath" name="test_llm_context_search_with_context_uses_search_with_context" time="0.004" /><testcase classname="tests.test_query_analyzer_unified_path.TestAnalyzeAndPrepareReturnShape" name="test_unified_result_contains_expected_fields" time="0.006" /><testcase classname="tests.test_query_analyzer_unified_path" name="test_actual_unified_prompt_example_satisfies_raw_contract[False]" time="0.003" /><testcase classname="tests.test_query_analyzer_unified_path" name="test_actual_unified_prompt_example_satisfies_raw_contract[True]" time="0.003" /><testcase classname="tests.test_query_analyzer_unified_path" name="test_conforming_unified_response_preserves_queries_and_original_defaults" time="0.002" /><testcase classname="tests.test_query_analyzer_unified_path" name="test_invalid_raw_provider_defaults_disclose_fallback_without_retry[extra_keys0]" time="0.003" /><testcase classname="tests.test_query_analyzer_unified_path" name="test_invalid_raw_provider_defaults_disclose_fallback_without_retry[extra_keys1]" time="0.003" /><testcase classname="tests.test_query_analyzer_unified_path" name="test_invalid_raw_provider_defaults_disclose_fallback_without_retry[extra_keys2]" time="0.003" /><testcase classname="tests.test_skillopt_query_analysis_reward" name="test_literal_golden_equals_independent_reference_equals_production" time="0.011" /><testcase classname="tests.test_skillopt_query_analysis_reward" name="test_full_sealed_evidence_literal_golden_equals_reference_equals_production" time="0.009" /><testcase classname="tests.test_skillopt_query_analysis_reward" name="test_reflection_projection_is_bounded_and_omits_raw_text_labels_and_ids" time="0.006" /><testcase classname="tests.test_skillopt_query_analysis_reward" name="test_sealed_evidence_hash_changes_on_order_or_score_mutation" time="0.006" /><testcase classname="tests.test_skillopt_query_analysis_reward" name="test_rankings_collapse_nfc_duplicate_ids_and_break_lexical_ties_by_id" time="0.002" /><testcase classname="tests.test_skillopt_query_analysis_reward" name="test_public_reward_evidence_contains_no_candidate_labels_or_policy_payload" time="0.006" /><testcase classname="tests.test_skillopt_query_analysis_reward" name="test_tokenization_fixes_nfkc_categories_cjk_punctuation_and_hyphens" time="0.002" /><testcase classname="tests.test_skillopt_query_analysis_reward" name="test_invalid_model_output_is_hard_and_soft_zero[```json\n{}\n```]" time="0.003" /><testcase classname="tests.test_skillopt_query_analysis_reward" name="test_invalid_model_output_is_hard_and_soft_zero[not json]" time="0.003" /><testcase classname="tests.test_skillopt_query_analysis_reward" name="test_invalid_model_output_is_hard_and_soft_zero[{&quot;is_academic&quot;:NaN}]" time="0.003" /><testcase classname="tests.test_skillopt_query_analysis_reward" name="test_label_dump_scope_directive_and_field_boundary_phrase_cannot_game_reward" time="0.007" /><testcase classname="tests.test_skillopt_query_analysis_reward" name="test_identity_is_key_and_file_order_independent_but_mutation_sensitive" time="0.003" /><testcase classname="tests.test_skillopt_query_analysis_reward" name="test_compactness_uses_eight_fixed_units_not_list_element_denominator" time="0.006" /><testcase classname="tests.test_skillopt_query_analysis_reward" name="test_every_preferred_compactness_literal_threshold_is_independently_bounded[&lt;lambda&gt;0]" time="0.002" /><testcase classname="tests.test_skillopt_query_analysis_reward" name="test_every_preferred_compactness_literal_threshold_is_independently_bounded[&lt;lambda&gt;1]" time="0.003" /><testcase classname="tests.test_skillopt_query_analysis_reward" name="test_every_preferred_compactness_literal_threshold_is_independently_bounded[&lt;lambda&gt;2]" time="0.002" /><testcase classname="tests.test_skillopt_query_analysis_reward" name="test_every_preferred_compactness_literal_threshold_is_independently_bounded[&lt;lambda&gt;3]" time="0.002" /><testcase classname="tests.test_skillopt_query_analysis_reward" name="test_every_preferred_compactness_literal_threshold_is_independently_bounded[&lt;lambda&gt;4]" time="0.002" /><testcase classname="tests.test_skillopt_query_analysis_reward" name="test_every_preferred_compactness_literal_threshold_is_independently_bounded[&lt;lambda&gt;5]" time="0.002" /><testcase classname="tests.test_skillopt_query_analysis_reward" name="test_every_preferred_compactness_literal_threshold_is_independently_bounded[&lt;lambda&gt;6]" time="0.002" /><testcase classname="tests.test_skillopt_query_analysis_reward" name="test_every_preferred_compactness_literal_threshold_is_independently_bounded[&lt;lambda&gt;7]" time="0.002" /><testcase classname="tests.test_skillopt_query_analysis_reward" name="test_every_preferred_compactness_literal_threshold_is_independently_bounded[&lt;lambda&gt;8]" time="0.003" /><testcase classname="tests.test_skillopt_query_analysis_reward" name="test_every_preferred_compactness_literal_threshold_is_independently_bounded[&lt;lambda&gt;9]" time="0.002" /><testcase classname="tests.test_skillopt_query_analysis_reward" name="test_half_even_nonfinite_and_strict_no_epsilon_gate" time="0.002" /><testcase classname="tests.test_skillopt_query_analyzer_pilot" name="test_offline_query_analyzer_pilot_returns_v1_metadata" time="0.004" /><testcase classname="tests.test_skillopt_query_analyzer_pilot" name="test_offline_query_analyzer_pilot_rejects_scope_drift" time="0.004" /><testcase classname="tests.test_skillopt_query_analyzer_pilot" name="test_baseline_skill_loader_rejects_missing_scope_phrase" time="0.002" /><testcase classname="tests.test_skillopt_search_artifacts" name="test_skillopt_dataset_contract_is_valid" time="0.003" /><testcase classname="tests.test_skillopt_search_artifacts" name="test_dataset_contract_rejects_content_mutation_with_retained_hash" time="0.004" /><testcase classname="tests.test_skillopt_search_artifacts" name="test_contract_rejects_top_level_extra_keys_after_self_hash_recomputation[artifact_path0-dataset_hash-validate_dataset_contract]" time="0.003" /><testcase classname="tests.test_skillopt_search_artifacts" name="test_contract_rejects_top_level_extra_keys_after_self_hash_recomputation[artifact_path1-control_hash-validate_execution_control]" time="0.002" /><testcase classname="tests.test_skillopt_search_artifacts" name="test_dataset_contract_rejects_nested_mapping_extras[mapping_path0-hostile_extra]" time="0.003" /><testcase classname="tests.test_skillopt_search_artifacts" name="test_dataset_contract_rejects_nested_mapping_extras[mapping_path1-holdout]" time="0.003" /><testcase classname="tests.test_skillopt_search_artifacts" name="test_dataset_contract_rejects_nested_mapping_extras[mapping_path2-hostile_extra]" time="0.003" /><testcase classname="tests.test_skillopt_search_artifacts" name="test_dataset_contract_rejects_nested_mapping_extras[mapping_path3-hostile_extra]" time="0.006" /><testcase classname="tests.test_skillopt_search_artifacts" name="test_dataset_contract_validates_every_label_collection[not-a-list-must be a list-must_include]" time="0.004" /><testcase classname="tests.test_skillopt_search_artifacts" name="test_dataset_contract_validates_every_label_collection[not-a-list-must be a list-acceptable]" time="0.003" /><testcase classname="tests.test_skillopt_search_artifacts" name="test_dataset_contract_validates_every_label_collection[not-a-list-must be a list-must_exclude]" time="0.003" /><testcase classname="tests.test_skillopt_search_artifacts" name="test_dataset_contract_validates_every_label_collection[invalid_labels1-must contain non-empty strings-must_include]" time="0.003" /><testcase classname="tests.test_skillopt_search_artifacts" name="test_dataset_contract_validates_every_label_collection[invalid_labels1-must contain non-empty strings-acceptable]" time="0.003" /><testcase classname="tests.test_skillopt_search_artifacts" name="test_dataset_contract_validates_every_label_collection[invalid_labels1-must contain non-empty strings-must_exclude]" time="0.003" /><testcase classname="tests.test_skillopt_search_artifacts" name="test_skillopt_dataset_group_split_has_no_leakage" time="0.002" /><testcase classname="tests.test_skillopt_search_artifacts" name="test_skillopt_dataset_selection_split_covers_live_gate_intents" time="0.003" /><testcase classname="tests.test_skillopt_search_artifacts" name="test_dataset_contract_rejects_selection_split_without_method_holdout" time="0.004" /><testcase classname="tests.test_skillopt_search_artifacts" name="test_execution_control_matrix_locks_v1_scope" time="0.003" /><testcase classname="tests.test_skillopt_search_artifacts" name="test_candidate_artifact_has_rollback_and_matching_hashes" time="0.002" /><testcase classname="tests.test_skillopt_search_artifacts" name="test_candidate_artifact_rejects_mismatched_dataset_hash" time="0.002" /><testcase classname="tests.test_skillopt_search_artifacts" name="test_candidate_artifact_rejects_missing_rollout_metadata" time="0.002" /><testcase classname="tests.test_skillopt_search_artifacts" name="test_candidate_artifact_rejects_rollout_metadata_hash_drift" time="0.002" /><testcase classname="tests.test_skillopt_search_artifacts" name="test_candidate_artifact_rejects_hyde_enabled_rollout_metadata" time="0.002" /><testcase classname="tests.test_skillopt_search_artifacts" name="test_candidate_artifact_rejects_cache_status_rollout_drift" time="0.002" /><testcase classname="tests.test_skillopt_search_artifacts" name="test_candidate_artifact_rejects_budget_branch_rollout_drift" time="0.002" /><testcase classname="tests.test_skillopt_search_artifacts" name="test_candidate_artifact_rejects_low_query_analysis_confidence" time="0.002" /><testcase classname="tests.test_skillopt_search_artifacts" name="test_dataset_contract_rejects_raw_user_logs" time="0.003" /><testcase classname="tests.test_skillopt_search_artifacts" name="test_dataset_contract_rejects_empty_dataset_hash" time="0.003" /><testcase classname="tests.test_skillopt_search_artifacts" name="test_dataset_contract_rejects_missing_guardrail_metrics" time="0.003" /><testcase classname="tests.test_skillopt_search_artifacts" name="test_dataset_contract_rejects_duplicate_guardrail_metrics" time="0.003" /><testcase classname="tests.test_skillopt_search_artifacts" name="test_execution_control_rejects_empty_control_hash" time="0.002" /><testcase classname="tests.test_skillopt_search_artifacts" name="test_execution_control_rejects_content_mutation_with_retained_hash" time="0.003" /><testcase classname="tests.test_skillopt_search_artifacts" name="test_execution_control_rejects_confidence_gate_drift" time="0.002" /><testcase classname="tests.test_skillopt_search_artifacts" name="test_execution_control_rejects_confidence_gate_extra_keys" time="0.002" /><testcase classname="tests.test_skillopt_search_artifacts" name="test_execution_control_rejects_overlap_gate_drift" time="0.002" /><testcase classname="tests.test_skillopt_search_artifacts" name="test_execution_control_rejects_cache_policy_drift" time="0.002" /><testcase classname="tests.test_skillopt_search_artifacts" name="test_execution_control_rejects_budget_policy_drift" time="0.002" /><testcase classname="tests.test_skillopt_search_artifacts" name="test_execution_control_rejects_budget_policy_extra_keys" time="0.002" /><testcase classname="tests.test_skillopt_search_artifacts" name="test_execution_control_rejects_hyde_enabled_for_v1" time="0.002" /><testcase classname="tests.test_skillopt_search_artifacts" name="test_execution_control_rejects_hyde_candidate_prompt_drift" time="0.002" /><testcase classname="tests.test_skillopt_search_artifacts" name="test_execution_control_rejects_hyde_candidate_prompt_alias_drift" time="0.003" /><testcase classname="tests.test_skillopt_search_artifacts" name="test_execution_control_rejects_llm_search_for_v1" time="0.003" /><testcase classname="tests.test_skillopt_search_artifacts" name="test_execution_control_rejects_relevance_filter_drift" time="0.002" /><testcase classname="tests.test_skillopt_search_artifacts" name="test_execution_control_rejects_relevance_filter_candidate_prompt_alias" time="0.003" /><testcase classname="tests.test_skillopt_search_artifacts" name="test_execution_control_rejects_duplicate_rollout_metadata" time="0.002" /><testcase classname="tests.test_skillopt_search_artifacts" name="test_execution_control_rejects_extra_rollout_metadata" time="0.002" /><testcase classname="tests.test_skillopt_search_artifacts" name="test_candidate_artifact_rejects_metric_regression" time="0.002" /><testcase classname="tests.test_skillopt_search_artifacts" name="test_candidate_artifact_rejects_missing_or_nonnumeric_guardrails" time="0.002" /><testcase classname="tests.test_skillopt_search_artifacts" name="test_candidate_artifact_rejects_missing_dataset_declared_guardrail" time="0.003" /><testcase classname="tests.test_skillopt_search_artifacts" name="test_candidate_artifact_rejects_bool_metrics" time="0.002" /><testcase classname="tests.test_skillopt_search_artifacts" name="test_candidate_artifact_rejects_non_finite_json_metric" time="0.002" /><testcase classname="tests.test_skillopt_search_artifacts" name="test_candidate_artifact_rejects_empty_hashes_and_bad_timestamp" time="0.002" /><testcase classname="tests.test_skillopt_search_artifacts" name="test_dataset_contract_rejects_private_query_text" time="0.002" /><testcase classname="tests.test_skillopt_search_artifacts" name="test_contract_recursively_rejects_private_nested_strings_after_rehash[artifact_path0-dataset_hash-nested_path0]" time="0.003" /><testcase classname="tests.test_skillopt_search_artifacts" name="test_contract_recursively_rejects_private_nested_strings_after_rehash[artifact_path1-dataset_hash-nested_path1]" time="0.003" /><testcase classname="tests.test_skillopt_search_artifacts" name="test_contract_recursively_rejects_private_nested_strings_after_rehash[artifact_path2-control_hash-nested_path2]" time="0.002" /><testcase classname="tests.test_skillopt_search_artifacts" name="test_contract_recursively_rejects_private_nested_strings_after_rehash[artifact_path3-control_hash-nested_path3]" time="0.002" /><testcase classname="tests.test_skillopt_search_artifacts" name="test_dataset_contract_rejects_private_query_metadata_fields[group_id]" time="0.002" /><testcase classname="tests.test_skillopt_search_artifacts" name="test_dataset_contract_rejects_private_query_metadata_fields[intent]" time="0.002" /><testcase classname="tests.test_skillopt_search_artifacts" name="test_dataset_contract_rejects_private_query_metadata_fields[locale]" time="0.002" /><testcase classname="tests.test_skillopt_search_artifacts" name="test_dataset_contract_rejects_private_query_metadata_fields[difficulty]" time="0.002" /><testcase classname="tests.test_skillopt_search_artifacts" name="test_dataset_contract_rejects_private_query_metadata_fields[downstream]" time="0.002" /><testcase classname="tests.test_skillopt_search_artifacts" name="test_dataset_contract_rejects_private_provenance_strings[raw user identifiers]" time="0.002" /><testcase classname="tests.test_skillopt_search_artifacts" name="test_dataset_contract_rejects_private_provenance_strings[private query]" time="0.002" /><testcase classname="tests.test_skillopt_search_artifacts" name="test_dataset_contract_rejects_private_provenance_strings[private queries]" time="0.002" /><testcase classname="tests.test_skillopt_search_artifacts" name="test_candidate_artifact_rejects_guardrail_threshold_breach" time="0.002" /><testcase classname="tests.test_skillopt_search_artifacts" name="test_candidate_artifact_rejects_latency_threshold_breach" time="0.003" /><testcase classname="tests.test_skillopt_search_artifacts" name="test_candidate_artifact_rejects_rollback_target_drift" time="0.003" /><testcase classname="tests.test_skillopt_search_artifacts" name="test_baseline_skill_documents_non_negotiable_scope" time="0.002" /><testcase classname="tests.test_skillopt_search_artifacts" name="test_rollback_record_disables_feature_flag_and_quarantines_candidate" time="0.002" /><testcase classname="tests.test_skillopt_search_artifacts" name="test_rollback_record_rejects_reenabled_feature_flag" time="0.003" /><testcase classname="tests.test_skillopt_search_artifacts" name="test_rollback_record_rejects_empty_reason" time="0.003" /><testcase classname="tests.test_skillopt_search_artifacts" name="test_rollback_record_rejects_unknown_trigger" time="0.003" /><testcase classname="tests.test_skillopt_search_artifacts" name="test_rollback_record_rejects_candidate_hash_drift" time="0.002" /><testcase classname="tests.test_skillopt_search_artifacts" name="test_search_eval_is_not_imported_by_production_modules" time="1.209" /><testcase classname="tests.test_skillopt_search_artifacts" name="test_search_eval_fixtures_are_not_gitignored" time="0.003" /><testcase classname="tests.test_skillopt_search_artifacts" name="test_search_eval_package_is_excluded_from_distribution" time="0.003" /><testcase classname="tests.test_skillopt_search_artifacts" name="test_candidate_artifact_standalone_requires_full_v1_guardrails" time="0.002" /><testcase classname="tests.test_google_scholar_circuit_breaker" name="test_local_cancellations_do_not_change_breaker[True-deadline]" time="0.003" /><testcase classname="tests.test_google_scholar_circuit_breaker" name="test_local_cancellations_do_not_change_breaker[True-stop]" time="0.003" /><testcase classname="tests.test_google_scholar_circuit_breaker" name="test_local_cancellations_do_not_change_breaker[True-rate_limit]" time="0.004" /><testcase classname="tests.test_google_scholar_circuit_breaker" name="test_local_cancellations_do_not_change_breaker[False-deadline]" time="0.003" /><testcase classname="tests.test_google_scholar_circuit_breaker" name="test_local_cancellations_do_not_change_breaker[False-stop]" time="0.003" /><testcase classname="tests.test_google_scholar_circuit_breaker" name="test_local_cancellations_do_not_change_breaker[False-rate_limit]" time="0.003" /><testcase classname="tests.test_google_scholar_circuit_breaker" name="test_upstream_failures_open_breaker[True-failure0-timeout]" time="0.003" /><testcase classname="tests.test_google_scholar_circuit_breaker" name="test_upstream_failures_open_breaker[True-failure1-error]" time="0.003" /><testcase classname="tests.test_google_scholar_circuit_breaker" name="test_upstream_failures_open_breaker[False-failure0-timeout]" time="0.003" /><testcase classname="tests.test_google_scholar_circuit_breaker" name="test_upstream_failures_open_breaker[False-failure1-error]" time="0.003" /><testcase classname="tests.test_google_scholar_circuit_breaker" name="test_successful_empty_request_resets_consecutive_failures" time="0.002" /><testcase classname="tests.test_google_scholar_circuit_breaker" name="test_is_circuit_open_reports_state_without_resetting_it" time="0.003" /><testcase classname="tests.test_dblp_search_outcomes" name="test_transport_failure_propagates[failure0]" time="0.003" /><testcase classname="tests.test_dblp_search_outcomes" name="test_transport_failure_propagates[failure1]" time="0.003" /><testcase classname="tests.test_dblp_search_outcomes" name="test_transport_failure_propagates[failure2]" time="0.003" /><testcase classname="tests.test_dblp_search_outcomes" name="test_real_empty_is_empty_and_transport_obeys_remaining_budget" time="0.003" /><testcase classname="tests.test_dblp_search_outcomes" name="test_stop_during_rate_limit_prevents_transport" time="0.003" /><testcase classname="tests.test_dblp_search_outcomes" name="test_expired_budget_admits_no_transport" time="0.003" /><testcase classname="tests.test_react_search_lifecycle" name="test_endpoint_cancellation_retains_two_slots_then_capacity_and_recovery[deep]" time="0.019" /><testcase classname="tests.test_react_search_lifecycle" name="test_endpoint_cancellation_retains_two_slots_then_capacity_and_recovery[sse]" time="0.020" /><testcase classname="tests.test_react_search_lifecycle" name="test_deadline_preserves_completed_provider_and_rank_without_new_turn" time="0.014" /><testcase classname="tests.test_react_search_lifecycle" name="test_blocked_gap_model_retains_capacity_and_stop_prevents_followup" time="0.025" /><testcase classname="tests.test_deep_search_ranking" name="test_duplicates_are_collapsed" time="1.215" /><testcase classname="tests.test_deep_search_ranking" name="test_papers_carry_a_total_rank_order" time="1.258" /><testcase classname="tests.test_deep_search_ranking" name="test_ranking_reorders_rather_than_preserving_arrival_order" time="1.430" /><testcase classname="tests.test_deep_search_ranking" name="test_ranker_failure_still_returns_papers_in_a_stamped_order" time="0.004" /><testcase classname="tests.test_deep_search_ranking" name="test_missing_ranker_does_not_break_the_path" time="0.003" /><testcase classname="tests.test_deep_search_ranking" name="test_empty_result_is_passed_through" time="0.003" /><testcase classname="tests.test_deep_search_ranking" name="test_deep_rank_uses_foreground_deadline_and_stop_signal" time="0.003" /><testcase classname="tests.test_rate_limiter" name="test_concurrent_callers_are_spaced_not_burst" time="0.216" /><testcase classname="tests.test_rate_limiter" name="test_serial_calls_are_spaced" time="0.056" /><testcase classname="tests.test_rate_limiter" name="test_first_call_does_not_block" time="0.003" /><testcase classname="tests.test_rate_limiter" name="test_jitter_widens_the_interval" time="0.066" /><testcase classname="tests.test_rate_limiter" name="test_searchers_use_the_shared_limiter[src.collector.paper.openalex_searcher-OpenAlexSearcher]" time="0.003" /><testcase classname="tests.test_rate_limiter" name="test_searchers_use_the_shared_limiter[src.collector.paper.dblp_searcher-DBLPSearcher]" time="0.003" /><testcase classname="tests.test_rate_limiter" name="test_searchers_use_the_shared_limiter[src.collector.paper.google_scholar_searcher-GoogleScholarSearcher]" time="0.003" /><testcase classname="tests.test_rate_limiter" name="test_searchers_use_the_shared_limiter[src.collector.paper.semantic_scholar_client-SemanticScholarClient]" time="0.003" /><testcase classname="tests.test_rate_limiter" name="test_limiter_is_shared_across_instances[src.collector.paper.openalex_searcher-OpenAlexSearcher]" time="0.002" /><testcase classname="tests.test_rate_limiter" name="test_limiter_is_shared_across_instances[src.collector.paper.dblp_searcher-DBLPSearcher]" time="0.003" /><testcase classname="tests.test_rate_limiter" name="test_limiter_is_shared_across_instances[src.collector.paper.google_scholar_searcher-GoogleScholarSearcher]" time="0.003" /><testcase classname="tests.test_rate_limiter" name="test_limiter_is_shared_across_instances[src.collector.paper.semantic_scholar_client-SemanticScholarClient]" time="0.005" /></testsuite></testsuites>